C:\USERS\JOHN\DOCUMENTS\VISUAL STUDIO 2010\PROJECTS\WAVE SIMULATOR V.1\DEBUG\WAVE SIMULATOR V.1.EXE
C:\USERS\JOHN\DOCUMENTS\VISUAL STUDIO 2010\PROJECTS\WAVE SIMULATOR V.1\DEBUG\WAVE SIMULATOR V.1.ILK
C:\USERS\JOHN\DOCUMENTS\VISUAL STUDIO 2010\PROJECTS\WAVE SIMULATOR V.1\DEBUG\WAVE SIMULATOR V.1.PDB
C:\Users\John\Documents\Visual Studio 2010\Projects\Wave Simulator v.1\Wave Simulator v.1\Debug\cl.command.1.tlog
C:\Users\John\Documents\Visual Studio 2010\Projects\Wave Simulator v.1\Wave Simulator v.1\Debug\CL.read.1.tlog
C:\Users\John\Documents\Visual Studio 2010\Projects\Wave Simulator v.1\Wave Simulator v.1\Debug\CL.write.1.tlog
C:\Users\John\Documents\Visual Studio 2010\Projects\Wave Simulator v.1\Wave Simulator v.1\Debug\link.1052.read.1.tlog
C:\Users\John\Documents\Visual Studio 2010\Projects\Wave Simulator v.1\Wave Simulator v.1\Debug\link.1052.write.1.tlog
C:\Users\John\Documents\Visual Studio 2010\Projects\Wave Simulator v.1\Wave Simulator v.1\Debug\link.1052-cvtres.read.1.tlog
C:\Users\John\Documents\Visual Studio 2010\Projects\Wave Simulator v.1\Wave Simulator v.1\Debug\link.1052-cvtres.write.1.tlog
C:\Users\John\Documents\Visual Studio 2010\Projects\Wave Simulator v.1\Wave Simulator v.1\Debug\link.2024.read.1.tlog
C:\Users\John\Documents\Visual Studio 2010\Projects\Wave Simulator v.1\Wave Simulator v.1\Debug\link.2024.write.1.tlog
C:\Users\John\Documents\Visual Studio 2010\Projects\Wave Simulator v.1\Wave Simulator v.1\Debug\link.2024-cvtres.read.1.tlog
C:\Users\John\Documents\Visual Studio 2010\Projects\Wave Simulator v.1\Wave Simulator v.1\Debug\link.2024-cvtres.write.1.tlog
C:\Users\John\Documents\Visual Studio 2010\Projects\Wave Simulator v.1\Wave Simulator v.1\Debug\link.2236.read.1.tlog
C:\Users\John\Documents\Visual Studio 2010\Projects\Wave Simulator v.1\Wave Simulator v.1\Debug\link.2236.write.1.tlog
C:\Users\John\Documents\Visual Studio 2010\Projects\Wave Simulator v.1\Wave Simulator v.1\Debug\link.2236-cvtres.read.1.tlog
C:\Users\John\Documents\Visual Studio 2010\Projects\Wave Simulator v.1\Wave Simulator v.1\Debug\link.2236-cvtres.write.1.tlog
C:\Users\John\Documents\Visual Studio 2010\Projects\Wave Simulator v.1\Wave Simulator v.1\Debug\link.2392.read.1.tlog
C:\Users\John\Documents\Visual Studio 2010\Projects\Wave Simulator v.1\Wave Simulator v.1\Debug\link.2392.write.1.tlog
C:\Users\John\Documents\Visual Studio 2010\Projects\Wave Simulator v.1\Wave Simulator v.1\Debug\link.2392-cvtres.read.1.tlog
C:\Users\John\Documents\Visual Studio 2010\Projects\Wave Simulator v.1\Wave Simulator v.1\Debug\link.2392-cvtres.write.1.tlog
C:\Users\John\Documents\Visual Studio 2010\Projects\Wave Simulator v.1\Wave Simulator v.1\Debug\link.2416.read.1.tlog
C:\Users\John\Documents\Visual Studio 2010\Projects\Wave Simulator v.1\Wave Simulator v.1\Debug\link.2416.write.1.tlog
C:\Users\John\Documents\Visual Studio 2010\Projects\Wave Simulator v.1\Wave Simulator v.1\Debug\link.2416-cvtres.read.1.tlog
C:\Users\John\Documents\Visual Studio 2010\Projects\Wave Simulator v.1\Wave Simulator v.1\Debug\link.2416-cvtres.write.1.tlog
C:\Users\John\Documents\Visual Studio 2010\Projects\Wave Simulator v.1\Wave Simulator v.1\Debug\link.2644.read.1.tlog
C:\Users\John\Documents\Visual Studio 2010\Projects\Wave Simulator v.1\Wave Simulator v.1\Debug\link.2644.write.1.tlog
C:\Users\John\Documents\Visual Studio 2010\Projects\Wave Simulator v.1\Wave Simulator v.1\Debug\link.2644-cvtres.read.1.tlog
C:\Users\John\Documents\Visual Studio 2010\Projects\Wave Simulator v.1\Wave Simulator v.1\Debug\link.2644-cvtres.write.1.tlog
C:\Users\John\Documents\Visual Studio 2010\Projects\Wave Simulator v.1\Wave Simulator v.1\Debug\link.2808.read.1.tlog
C:\Users\John\Documents\Visual Studio 2010\Projects\Wave Simulator v.1\Wave Simulator v.1\Debug\link.2808.write.1.tlog
C:\Users\John\Documents\Visual Studio 2010\Projects\Wave Simulator v.1\Wave Simulator v.1\Debug\link.2808-cvtres.read.1.tlog
C:\Users\John\Documents\Visual Studio 2010\Projects\Wave Simulator v.1\Wave Simulator v.1\Debug\link.2808-cvtres.write.1.tlog
C:\Users\John\Documents\Visual Studio 2010\Projects\Wave Simulator v.1\Wave Simulator v.1\Debug\link.2952.read.1.tlog
C:\Users\John\Documents\Visual Studio 2010\Projects\Wave Simulator v.1\Wave Simulator v.1\Debug\link.2952.write.1.tlog
C:\Users\John\Documents\Visual Studio 2010\Projects\Wave Simulator v.1\Wave Simulator v.1\Debug\link.2952-cvtres.read.1.tlog
C:\Users\John\Documents\Visual Studio 2010\Projects\Wave Simulator v.1\Wave Simulator v.1\Debug\link.2952-cvtres.write.1.tlog
C:\Users\John\Documents\Visual Studio 2010\Projects\Wave Simulator v.1\Wave Simulator v.1\Debug\link.3068.read.1.tlog
C:\Users\John\Documents\Visual Studio 2010\Projects\Wave Simulator v.1\Wave Simulator v.1\Debug\link.3068.write.1.tlog
C:\Users\John\Documents\Visual Studio 2010\Projects\Wave Simulator v.1\Wave Simulator v.1\Debug\link.3068-cvtres.read.1.tlog
C:\Users\John\Documents\Visual Studio 2010\Projects\Wave Simulator v.1\Wave Simulator v.1\Debug\link.3068-cvtres.write.1.tlog
C:\Users\John\Documents\Visual Studio 2010\Projects\Wave Simulator v.1\Wave Simulator v.1\Debug\link.3408.read.1.tlog
C:\Users\John\Documents\Visual Studio 2010\Projects\Wave Simulator v.1\Wave Simulator v.1\Debug\link.3408.write.1.tlog
C:\Users\John\Documents\Visual Studio 2010\Projects\Wave Simulator v.1\Wave Simulator v.1\Debug\link.3408-cvtres.read.1.tlog
C:\Users\John\Documents\Visual Studio 2010\Projects\Wave Simulator v.1\Wave Simulator v.1\Debug\link.3408-cvtres.write.1.tlog
C:\Users\John\Documents\Visual Studio 2010\Projects\Wave Simulator v.1\Wave Simulator v.1\Debug\link.3452.read.1.tlog
C:\Users\John\Documents\Visual Studio 2010\Projects\Wave Simulator v.1\Wave Simulator v.1\Debug\link.3452.write.1.tlog
C:\Users\John\Documents\Visual Studio 2010\Projects\Wave Simulator v.1\Wave Simulator v.1\Debug\link.3452-cvtres.read.1.tlog
C:\Users\John\Documents\Visual Studio 2010\Projects\Wave Simulator v.1\Wave Simulator v.1\Debug\link.3452-cvtres.write.1.tlog
C:\Users\John\Documents\Visual Studio 2010\Projects\Wave Simulator v.1\Wave Simulator v.1\Debug\link.3624.read.1.tlog
C:\Users\John\Documents\Visual Studio 2010\Projects\Wave Simulator v.1\Wave Simulator v.1\Debug\link.3624.write.1.tlog
C:\Users\John\Documents\Visual Studio 2010\Projects\Wave Simulator v.1\Wave Simulator v.1\Debug\link.3624-cvtres.read.1.tlog
C:\Users\John\Documents\Visual Studio 2010\Projects\Wave Simulator v.1\Wave Simulator v.1\Debug\link.3624-cvtres.write.1.tlog
C:\Users\John\Documents\Visual Studio 2010\Projects\Wave Simulator v.1\Wave Simulator v.1\Debug\link.3680.read.1.tlog
C:\Users\John\Documents\Visual Studio 2010\Projects\Wave Simulator v.1\Wave Simulator v.1\Debug\link.3680.write.1.tlog
C:\Users\John\Documents\Visual Studio 2010\Projects\Wave Simulator v.1\Wave Simulator v.1\Debug\link.3680-cvtres.read.1.tlog
C:\Users\John\Documents\Visual Studio 2010\Projects\Wave Simulator v.1\Wave Simulator v.1\Debug\link.3680-cvtres.write.1.tlog
C:\Users\John\Documents\Visual Studio 2010\Projects\Wave Simulator v.1\Wave Simulator v.1\Debug\link.3724.read.1.tlog
C:\Users\John\Documents\Visual Studio 2010\Projects\Wave Simulator v.1\Wave Simulator v.1\Debug\link.3724.write.1.tlog
C:\Users\John\Documents\Visual Studio 2010\Projects\Wave Simulator v.1\Wave Simulator v.1\Debug\link.3724-cvtres.read.1.tlog
C:\Users\John\Documents\Visual Studio 2010\Projects\Wave Simulator v.1\Wave Simulator v.1\Debug\link.3724-cvtres.write.1.tlog
C:\Users\John\Documents\Visual Studio 2010\Projects\Wave Simulator v.1\Wave Simulator v.1\Debug\link.3940.read.1.tlog
C:\Users\John\Documents\Visual Studio 2010\Projects\Wave Simulator v.1\Wave Simulator v.1\Debug\link.3940.write.1.tlog
C:\Users\John\Documents\Visual Studio 2010\Projects\Wave Simulator v.1\Wave Simulator v.1\Debug\link.3940-cvtres.read.1.tlog
C:\Users\John\Documents\Visual Studio 2010\Projects\Wave Simulator v.1\Wave Simulator v.1\Debug\link.3940-cvtres.write.1.tlog
C:\Users\John\Documents\Visual Studio 2010\Projects\Wave Simulator v.1\Wave Simulator v.1\Debug\link.4168.read.1.tlog
C:\Users\John\Documents\Visual Studio 2010\Projects\Wave Simulator v.1\Wave Simulator v.1\Debug\link.4168.write.1.tlog
C:\Users\John\Documents\Visual Studio 2010\Projects\Wave Simulator v.1\Wave Simulator v.1\Debug\link.4168-cvtres.read.1.tlog
C:\Users\John\Documents\Visual Studio 2010\Projects\Wave Simulator v.1\Wave Simulator v.1\Debug\link.4168-cvtres.write.1.tlog
C:\Users\John\Documents\Visual Studio 2010\Projects\Wave Simulator v.1\Wave Simulator v.1\Debug\link.4340.read.1.tlog
C:\Users\John\Documents\Visual Studio 2010\Projects\Wave Simulator v.1\Wave Simulator v.1\Debug\link.4340.write.1.tlog
C:\Users\John\Documents\Visual Studio 2010\Projects\Wave Simulator v.1\Wave Simulator v.1\Debug\link.4340-cvtres.read.1.tlog
C:\Users\John\Documents\Visual Studio 2010\Projects\Wave Simulator v.1\Wave Simulator v.1\Debug\link.4340-cvtres.write.1.tlog
C:\Users\John\Documents\Visual Studio 2010\Projects\Wave Simulator v.1\Wave Simulator v.1\Debug\link.4420.read.1.tlog
C:\Users\John\Documents\Visual Studio 2010\Projects\Wave Simulator v.1\Wave Simulator v.1\Debug\link.4420.write.1.tlog
C:\Users\John\Documents\Visual Studio 2010\Projects\Wave Simulator v.1\Wave Simulator v.1\Debug\link.4420-cvtres.read.1.tlog
C:\Users\John\Documents\Visual Studio 2010\Projects\Wave Simulator v.1\Wave Simulator v.1\Debug\link.4420-cvtres.write.1.tlog
C:\Users\John\Documents\Visual Studio 2010\Projects\Wave Simulator v.1\Wave Simulator v.1\Debug\link.4424.read.1.tlog
C:\Users\John\Documents\Visual Studio 2010\Projects\Wave Simulator v.1\Wave Simulator v.1\Debug\link.4424.write.1.tlog
C:\Users\John\Documents\Visual Studio 2010\Projects\Wave Simulator v.1\Wave Simulator v.1\Debug\link.4424-cvtres.read.1.tlog
C:\Users\John\Documents\Visual Studio 2010\Projects\Wave Simulator v.1\Wave Simulator v.1\Debug\link.4424-cvtres.write.1.tlog
C:\Users\John\Documents\Visual Studio 2010\Projects\Wave Simulator v.1\Wave Simulator v.1\Debug\link.4892.read.1.tlog
C:\Users\John\Documents\Visual Studio 2010\Projects\Wave Simulator v.1\Wave Simulator v.1\Debug\link.4892.write.1.tlog
C:\Users\John\Documents\Visual Studio 2010\Projects\Wave Simulator v.1\Wave Simulator v.1\Debug\link.4892-cvtres.read.1.tlog
C:\Users\John\Documents\Visual Studio 2010\Projects\Wave Simulator v.1\Wave Simulator v.1\Debug\link.4892-cvtres.write.1.tlog
C:\Users\John\Documents\Visual Studio 2010\Projects\Wave Simulator v.1\Wave Simulator v.1\Debug\link.4896.read.1.tlog
C:\Users\John\Documents\Visual Studio 2010\Projects\Wave Simulator v.1\Wave Simulator v.1\Debug\link.4896.write.1.tlog
C:\Users\John\Documents\Visual Studio 2010\Projects\Wave Simulator v.1\Wave Simulator v.1\Debug\link.4896-cvtres.read.1.tlog
C:\Users\John\Documents\Visual Studio 2010\Projects\Wave Simulator v.1\Wave Simulator v.1\Debug\link.4896-cvtres.write.1.tlog
C:\Users\John\Documents\Visual Studio 2010\Projects\Wave Simulator v.1\Wave Simulator v.1\Debug\link.4916.read.1.tlog
C:\Users\John\Documents\Visual Studio 2010\Projects\Wave Simulator v.1\Wave Simulator v.1\Debug\link.4916.write.1.tlog
C:\Users\John\Documents\Visual Studio 2010\Projects\Wave Simulator v.1\Wave Simulator v.1\Debug\link.4916-cvtres.read.1.tlog
C:\Users\John\Documents\Visual Studio 2010\Projects\Wave Simulator v.1\Wave Simulator v.1\Debug\link.4916-cvtres.write.1.tlog
C:\Users\John\Documents\Visual Studio 2010\Projects\Wave Simulator v.1\Wave Simulator v.1\Debug\link.4956.read.1.tlog
C:\Users\John\Documents\Visual Studio 2010\Projects\Wave Simulator v.1\Wave Simulator v.1\Debug\link.4956.write.1.tlog
C:\Users\John\Documents\Visual Studio 2010\Projects\Wave Simulator v.1\Wave Simulator v.1\Debug\link.4956-cvtres.read.1.tlog
C:\Users\John\Documents\Visual Studio 2010\Projects\Wave Simulator v.1\Wave Simulator v.1\Debug\link.4956-cvtres.write.1.tlog
C:\Users\John\Documents\Visual Studio 2010\Projects\Wave Simulator v.1\Wave Simulator v.1\Debug\link.5352.read.1.tlog
C:\Users\John\Documents\Visual Studio 2010\Projects\Wave Simulator v.1\Wave Simulator v.1\Debug\link.5352.write.1.tlog
C:\Users\John\Documents\Visual Studio 2010\Projects\Wave Simulator v.1\Wave Simulator v.1\Debug\link.5352-cvtres.read.1.tlog
C:\Users\John\Documents\Visual Studio 2010\Projects\Wave Simulator v.1\Wave Simulator v.1\Debug\link.5352-cvtres.write.1.tlog
C:\Users\John\Documents\Visual Studio 2010\Projects\Wave Simulator v.1\Wave Simulator v.1\Debug\link.5440.read.1.tlog
C:\Users\John\Documents\Visual Studio 2010\Projects\Wave Simulator v.1\Wave Simulator v.1\Debug\link.5440.write.1.tlog
C:\Users\John\Documents\Visual Studio 2010\Projects\Wave Simulator v.1\Wave Simulator v.1\Debug\link.5440-cvtres.read.1.tlog
C:\Users\John\Documents\Visual Studio 2010\Projects\Wave Simulator v.1\Wave Simulator v.1\Debug\link.5440-cvtres.write.1.tlog
C:\Users\John\Documents\Visual Studio 2010\Projects\Wave Simulator v.1\Wave Simulator v.1\Debug\link.5444.read.1.tlog
C:\Users\John\Documents\Visual Studio 2010\Projects\Wave Simulator v.1\Wave Simulator v.1\Debug\link.5444.write.1.tlog
C:\Users\John\Documents\Visual Studio 2010\Projects\Wave Simulator v.1\Wave Simulator v.1\Debug\link.5444-cvtres.read.1.tlog
C:\Users\John\Documents\Visual Studio 2010\Projects\Wave Simulator v.1\Wave Simulator v.1\Debug\link.5444-cvtres.write.1.tlog
C:\Users\John\Documents\Visual Studio 2010\Projects\Wave Simulator v.1\Wave Simulator v.1\Debug\link.5492.read.1.tlog
C:\Users\John\Documents\Visual Studio 2010\Projects\Wave Simulator v.1\Wave Simulator v.1\Debug\link.5492.write.1.tlog
C:\Users\John\Documents\Visual Studio 2010\Projects\Wave Simulator v.1\Wave Simulator v.1\Debug\link.5492-cvtres.read.1.tlog
C:\Users\John\Documents\Visual Studio 2010\Projects\Wave Simulator v.1\Wave Simulator v.1\Debug\link.5492-cvtres.write.1.tlog
C:\Users\John\Documents\Visual Studio 2010\Projects\Wave Simulator v.1\Wave Simulator v.1\Debug\link.5624.read.1.tlog
C:\Users\John\Documents\Visual Studio 2010\Projects\Wave Simulator v.1\Wave Simulator v.1\Debug\link.5624.write.1.tlog
C:\Users\John\Documents\Visual Studio 2010\Projects\Wave Simulator v.1\Wave Simulator v.1\Debug\link.5624-cvtres.read.1.tlog
C:\Users\John\Documents\Visual Studio 2010\Projects\Wave Simulator v.1\Wave Simulator v.1\Debug\link.5624-cvtres.write.1.tlog
C:\Users\John\Documents\Visual Studio 2010\Projects\Wave Simulator v.1\Wave Simulator v.1\Debug\link.5944.read.1.tlog
C:\Users\John\Documents\Visual Studio 2010\Projects\Wave Simulator v.1\Wave Simulator v.1\Debug\link.5944.write.1.tlog
C:\Users\John\Documents\Visual Studio 2010\Projects\Wave Simulator v.1\Wave Simulator v.1\Debug\link.5944-cvtres.read.1.tlog
C:\Users\John\Documents\Visual Studio 2010\Projects\Wave Simulator v.1\Wave Simulator v.1\Debug\link.5944-cvtres.write.1.tlog
C:\Users\John\Documents\Visual Studio 2010\Projects\Wave Simulator v.1\Wave Simulator v.1\Debug\link.5948.read.1.tlog
C:\Users\John\Documents\Visual Studio 2010\Projects\Wave Simulator v.1\Wave Simulator v.1\Debug\link.5948.write.1.tlog
C:\Users\John\Documents\Visual Studio 2010\Projects\Wave Simulator v.1\Wave Simulator v.1\Debug\link.5948-cvtres.read.1.tlog
C:\Users\John\Documents\Visual Studio 2010\Projects\Wave Simulator v.1\Wave Simulator v.1\Debug\link.5948-cvtres.write.1.tlog
C:\Users\John\Documents\Visual Studio 2010\Projects\Wave Simulator v.1\Wave Simulator v.1\Debug\link.6032.read.1.tlog
C:\Users\John\Documents\Visual Studio 2010\Projects\Wave Simulator v.1\Wave Simulator v.1\Debug\link.6032.write.1.tlog
C:\Users\John\Documents\Visual Studio 2010\Projects\Wave Simulator v.1\Wave Simulator v.1\Debug\link.6032-cvtres.read.1.tlog
C:\Users\John\Documents\Visual Studio 2010\Projects\Wave Simulator v.1\Wave Simulator v.1\Debug\link.6032-cvtres.write.1.tlog
C:\Users\John\Documents\Visual Studio 2010\Projects\Wave Simulator v.1\Wave Simulator v.1\Debug\link.6132.read.1.tlog
C:\Users\John\Documents\Visual Studio 2010\Projects\Wave Simulator v.1\Wave Simulator v.1\Debug\link.6132.write.1.tlog
C:\Users\John\Documents\Visual Studio 2010\Projects\Wave Simulator v.1\Wave Simulator v.1\Debug\link.6132-cvtres.read.1.tlog
C:\Users\John\Documents\Visual Studio 2010\Projects\Wave Simulator v.1\Wave Simulator v.1\Debug\link.6132-cvtres.write.1.tlog
C:\Users\John\Documents\Visual Studio 2010\Projects\Wave Simulator v.1\Wave Simulator v.1\Debug\link.6200.read.1.tlog
C:\Users\John\Documents\Visual Studio 2010\Projects\Wave Simulator v.1\Wave Simulator v.1\Debug\link.6200.write.1.tlog
C:\Users\John\Documents\Visual Studio 2010\Projects\Wave Simulator v.1\Wave Simulator v.1\Debug\link.6200-cvtres.read.1.tlog
C:\Users\John\Documents\Visual Studio 2010\Projects\Wave Simulator v.1\Wave Simulator v.1\Debug\link.6200-cvtres.write.1.tlog
C:\Users\John\Documents\Visual Studio 2010\Projects\Wave Simulator v.1\Wave Simulator v.1\Debug\link.6464.read.1.tlog
C:\Users\John\Documents\Visual Studio 2010\Projects\Wave Simulator v.1\Wave Simulator v.1\Debug\link.6464.write.1.tlog
C:\Users\John\Documents\Visual Studio 2010\Projects\Wave Simulator v.1\Wave Simulator v.1\Debug\link.6464-cvtres.read.1.tlog
C:\Users\John\Documents\Visual Studio 2010\Projects\Wave Simulator v.1\Wave Simulator v.1\Debug\link.6464-cvtres.write.1.tlog
C:\Users\John\Documents\Visual Studio 2010\Projects\Wave Simulator v.1\Wave Simulator v.1\Debug\link.6540.read.1.tlog
C:\Users\John\Documents\Visual Studio 2010\Projects\Wave Simulator v.1\Wave Simulator v.1\Debug\link.6540.write.1.tlog
C:\Users\John\Documents\Visual Studio 2010\Projects\Wave Simulator v.1\Wave Simulator v.1\Debug\link.6540-cvtres.read.1.tlog
C:\Users\John\Documents\Visual Studio 2010\Projects\Wave Simulator v.1\Wave Simulator v.1\Debug\link.6540-cvtres.write.1.tlog
C:\Users\John\Documents\Visual Studio 2010\Projects\Wave Simulator v.1\Wave Simulator v.1\Debug\link.6568.read.1.tlog
C:\Users\John\Documents\Visual Studio 2010\Projects\Wave Simulator v.1\Wave Simulator v.1\Debug\link.6568.write.1.tlog
C:\Users\John\Documents\Visual Studio 2010\Projects\Wave Simulator v.1\Wave Simulator v.1\Debug\link.6568-cvtres.read.1.tlog
C:\Users\John\Documents\Visual Studio 2010\Projects\Wave Simulator v.1\Wave Simulator v.1\Debug\link.6568-cvtres.write.1.tlog
C:\Users\John\Documents\Visual Studio 2010\Projects\Wave Simulator v.1\Wave Simulator v.1\Debug\link.6604.read.1.tlog
C:\Users\John\Documents\Visual Studio 2010\Projects\Wave Simulator v.1\Wave Simulator v.1\Debug\link.6604.write.1.tlog
C:\Users\John\Documents\Visual Studio 2010\Projects\Wave Simulator v.1\Wave Simulator v.1\Debug\link.6604-cvtres.read.1.tlog
C:\Users\John\Documents\Visual Studio 2010\Projects\Wave Simulator v.1\Wave Simulator v.1\Debug\link.6604-cvtres.write.1.tlog
C:\Users\John\Documents\Visual Studio 2010\Projects\Wave Simulator v.1\Wave Simulator v.1\Debug\link.6748.read.1.tlog
C:\Users\John\Documents\Visual Studio 2010\Projects\Wave Simulator v.1\Wave Simulator v.1\Debug\link.6748.write.1.tlog
C:\Users\John\Documents\Visual Studio 2010\Projects\Wave Simulator v.1\Wave Simulator v.1\Debug\link.6748-cvtres.read.1.tlog
C:\Users\John\Documents\Visual Studio 2010\Projects\Wave Simulator v.1\Wave Simulator v.1\Debug\link.6748-cvtres.write.1.tlog
C:\Users\John\Documents\Visual Studio 2010\Projects\Wave Simulator v.1\Wave Simulator v.1\Debug\link.6852.read.1.tlog
C:\Users\John\Documents\Visual Studio 2010\Projects\Wave Simulator v.1\Wave Simulator v.1\Debug\link.6852.write.1.tlog
C:\Users\John\Documents\Visual Studio 2010\Projects\Wave Simulator v.1\Wave Simulator v.1\Debug\link.6852-cvtres.read.1.tlog
C:\Users\John\Documents\Visual Studio 2010\Projects\Wave Simulator v.1\Wave Simulator v.1\Debug\link.6852-cvtres.write.1.tlog
C:\Users\John\Documents\Visual Studio 2010\Projects\Wave Simulator v.1\Wave Simulator v.1\Debug\link.7452.read.1.tlog
C:\Users\John\Documents\Visual Studio 2010\Projects\Wave Simulator v.1\Wave Simulator v.1\Debug\link.7452.write.1.tlog
C:\Users\John\Documents\Visual Studio 2010\Projects\Wave Simulator v.1\Wave Simulator v.1\Debug\link.7452-cvtres.read.1.tlog
C:\Users\John\Documents\Visual Studio 2010\Projects\Wave Simulator v.1\Wave Simulator v.1\Debug\link.7452-cvtres.write.1.tlog
C:\Users\John\Documents\Visual Studio 2010\Projects\Wave Simulator v.1\Wave Simulator v.1\Debug\link.7916.read.1.tlog
C:\Users\John\Documents\Visual Studio 2010\Projects\Wave Simulator v.1\Wave Simulator v.1\Debug\link.7916.write.1.tlog
C:\Users\John\Documents\Visual Studio 2010\Projects\Wave Simulator v.1\Wave Simulator v.1\Debug\link.7916-cvtres.read.1.tlog
C:\Users\John\Documents\Visual Studio 2010\Projects\Wave Simulator v.1\Wave Simulator v.1\Debug\link.7916-cvtres.write.1.tlog
C:\Users\John\Documents\Visual Studio 2010\Projects\Wave Simulator v.1\Wave Simulator v.1\Debug\link.8008.read.1.tlog
C:\Users\John\Documents\Visual Studio 2010\Projects\Wave Simulator v.1\Wave Simulator v.1\Debug\link.8008.write.1.tlog
C:\Users\John\Documents\Visual Studio 2010\Projects\Wave Simulator v.1\Wave Simulator v.1\Debug\link.8008-cvtres.read.1.tlog
C:\Users\John\Documents\Visual Studio 2010\Projects\Wave Simulator v.1\Wave Simulator v.1\Debug\link.8008-cvtres.write.1.tlog
C:\Users\John\Documents\Visual Studio 2010\Projects\Wave Simulator v.1\Wave Simulator v.1\Debug\link.8124.read.1.tlog
C:\Users\John\Documents\Visual Studio 2010\Projects\Wave Simulator v.1\Wave Simulator v.1\Debug\link.8124.write.1.tlog
C:\Users\John\Documents\Visual Studio 2010\Projects\Wave Simulator v.1\Wave Simulator v.1\Debug\link.8124-cvtres.read.1.tlog
C:\Users\John\Documents\Visual Studio 2010\Projects\Wave Simulator v.1\Wave Simulator v.1\Debug\link.8124-cvtres.write.1.tlog
C:\Users\John\Documents\Visual Studio 2010\Projects\Wave Simulator v.1\Wave Simulator v.1\Debug\link.command.1.tlog
C:\Users\John\Documents\Visual Studio 2010\Projects\Wave Simulator v.1\Wave Simulator v.1\Debug\link.read.1.tlog
C:\Users\John\Documents\Visual Studio 2010\Projects\Wave Simulator v.1\Wave Simulator v.1\Debug\link.write.1.tlog
C:\Users\John\Documents\Visual Studio 2010\Projects\Wave Simulator v.1\Wave Simulator v.1\Debug\link-cvtres.read.1.tlog
C:\Users\John\Documents\Visual Studio 2010\Projects\Wave Simulator v.1\Wave Simulator v.1\Debug\link-cvtres.write.1.tlog
C:\Users\John\Documents\Visual Studio 2010\Projects\Wave Simulator v.1\Wave Simulator v.1\Debug\mt.command.1.tlog
C:\Users\John\Documents\Visual Studio 2010\Projects\Wave Simulator v.1\Wave Simulator v.1\Debug\mt.read.1.tlog
C:\Users\John\Documents\Visual Studio 2010\Projects\Wave Simulator v.1\Wave Simulator v.1\Debug\mt.write.1.tlog
C:\Users\John\Documents\Visual Studio 2010\Projects\Wave Simulator v.1\Wave Simulator v.1\Debug\rc.command.1.tlog
C:\Users\John\Documents\Visual Studio 2010\Projects\Wave Simulator v.1\Wave Simulator v.1\Debug\rc.read.1.tlog
C:\Users\John\Documents\Visual Studio 2010\Projects\Wave Simulator v.1\Wave Simulator v.1\Debug\rc.write.1.tlog
C:\Users\John\Documents\Visual Studio 2010\Projects\Wave Simulator v.1\Wave Simulator v.1\Debug\vc100.idb
C:\USERS\JOHN\DOCUMENTS\VISUAL STUDIO 2010\PROJECTS\WAVE SIMULATOR V.1\WAVE SIMULATOR V.1\DEBUG\VC100.PDB
C:\USERS\JOHN\DOCUMENTS\VISUAL STUDIO 2010\PROJECTS\WAVE SIMULATOR V.1\WAVE SIMULATOR V.1\DEBUG\WAVE SIMULATOR V.1.EXE.EMBED.MANIFEST
C:\USERS\JOHN\DOCUMENTS\VISUAL STUDIO 2010\PROJECTS\WAVE SIMULATOR V.1\WAVE SIMULATOR V.1\DEBUG\WAVE SIMULATOR V.1.EXE.EMBED.MANIFEST.RES
C:\USERS\JOHN\DOCUMENTS\VISUAL STUDIO 2010\PROJECTS\WAVE SIMULATOR V.1\WAVE SIMULATOR V.1\DEBUG\WAVE SIMULATOR V.1.EXE.INTERMEDIATE.MANIFEST
C:\Users\John\Documents\Visual Studio 2010\Projects\Wave Simulator v.1\Wave Simulator v.1\Debug\Wave Simulator v.1_manifest.rc
C:\USERS\JOHN\DOCUMENTS\VISUAL STUDIO 2010\PROJECTS\WAVE SIMULATOR V.1\WAVE SIMULATOR V.1\DEBUG\WAVE.RES
C:\USERS\JOHN\DOCUMENTS\VISUAL STUDIO 2010\PROJECTS\WAVE SIMULATOR V.1\WAVE SIMULATOR V.1\DEBUG\WAVESIMMAIN.OBJ
